The target system is: arm-bare - 1 - 
The host system is: Linux - 5.0.0-21-generic - x86_64
Compiling the C compiler identification source file "CMakeCCompilerId.c" succeeded.
Compiler: /usr/bin/arm-none-eabi-gcc 
Build flags: ;-ffreestanding;-fno-non-call-exceptions;-ffreestanding;-fno-non-call-exceptions
Id flags: -c 

The output was:
0


Compilation of the C compiler identification source "CMakeCCompilerId.c" produced "CMakeCCompilerId.o"

The C compiler identification is GNU, found in "/home/neilogd/Dev/schematics/4op_drum_module/firmware/build/STM32F103C6T8/CMakeFiles/3.13.4/CompilerIdC/CMakeCCompilerId.o"

Compiling the CXX compiler identification source file "CMakeCXXCompilerId.cpp" succeeded.
Compiler: /usr/bin/arm-none-eabi-g++ 
Build flags: ;-ffreestanding;-fno-non-call-exceptions;-fno-use-cxa-atexit;-fno-threadsafe-statics;-ffreestanding;-fno-non-call-exceptions;-fno-use-cxa-atexit;-fno-threadsafe-statics
Id flags: -c 

The output was:
0


Compilation of the CXX compiler identification source "CMakeCXXCompilerId.cpp" produced "CMakeCXXCompilerId.o"

The CXX compiler identification is GNU, found in "/home/neilogd/Dev/schematics/4op_drum_module/firmware/build/STM32F103C6T8/CMakeFiles/3.13.4/CompilerIdCXX/CMakeCXXCompilerId.o"

Determining if the C compiler works passed with the following output:
Change Dir: /home/neilogd/Dev/schematics/4op_drum_module/firmware/build/STM32F103C6T8/CMakeFiles/CMakeTmp

Run Build Command:"/usr/bin/make" "cmTC_f9260/fast"
/usr/bin/make -f CMakeFiles/cmTC_f9260.dir/build.make CMakeFiles/cmTC_f9260.dir/build
make[1]: Entering directory '/home/neilogd/Dev/schematics/4op_drum_module/firmware/build/STM32F103C6T8/CMakeFiles/CMakeTmp'
Building C object CMakeFiles/cmTC_f9260.dir/testCCompiler.c.obj
/usr/bin/arm-none-eabi-gcc   -ffreestanding -fno-non-call-exceptions -ffreestanding -fno-non-call-exceptions    -o CMakeFiles/cmTC_f9260.dir/testCCompiler.c.obj   -c /home/neilogd/Dev/schematics/4op_drum_module/firmware/build/STM32F103C6T8/CMakeFiles/CMakeTmp/testCCompiler.c
Linking C static library libcmTC_f9260.a
/usr/bin/cmake -P CMakeFiles/cmTC_f9260.dir/cmake_clean_target.cmake
/usr/bin/cmake -E cmake_link_script CMakeFiles/cmTC_f9260.dir/link.txt --verbose=1
/usr/bin/arm-none-eabi-ar qc libcmTC_f9260.a  CMakeFiles/cmTC_f9260.dir/testCCompiler.c.obj
/usr/bin/arm-none-eabi-ranlib libcmTC_f9260.a
make[1]: Leaving directory '/home/neilogd/Dev/schematics/4op_drum_module/firmware/build/STM32F103C6T8/CMakeFiles/CMakeTmp'


Detecting C compiler ABI info compiled with the following output:
Change Dir: /home/neilogd/Dev/schematics/4op_drum_module/firmware/build/STM32F103C6T8/CMakeFiles/CMakeTmp

Run Build Command:"/usr/bin/make" "cmTC_487c8/fast"
/usr/bin/make -f CMakeFiles/cmTC_487c8.dir/build.make CMakeFiles/cmTC_487c8.dir/build
make[1]: Entering directory '/home/neilogd/Dev/schematics/4op_drum_module/firmware/build/STM32F103C6T8/CMakeFiles/CMakeTmp'
Building C object CMakeFiles/cmTC_487c8.dir/CMakeCCompilerABI.c.obj
/usr/bin/arm-none-eabi-gcc   -ffreestanding -fno-non-call-exceptions -ffreestanding -fno-non-call-exceptions    -o CMakeFiles/cmTC_487c8.dir/CMakeCCompilerABI.c.obj   -c /usr/share/cmake-3.13/Modules/CMakeCCompilerABI.c
Linking C static library libcmTC_487c8.a
/usr/bin/cmake -P CMakeFiles/cmTC_487c8.dir/cmake_clean_target.cmake
/usr/bin/cmake -E cmake_link_script CMakeFiles/cmTC_487c8.dir/link.txt --verbose=1
/usr/bin/arm-none-eabi-ar qc libcmTC_487c8.a  CMakeFiles/cmTC_487c8.dir/CMakeCCompilerABI.c.obj
/usr/bin/arm-none-eabi-ranlib libcmTC_487c8.a
make[1]: Leaving directory '/home/neilogd/Dev/schematics/4op_drum_module/firmware/build/STM32F103C6T8/CMakeFiles/CMakeTmp'


Parsed C implicit link information from above output:
  link line regex: [^( *|.*[/\])(arm-none-eabi-ld|CMAKE_LINK_STARTFILE-NOTFOUND|([^/\]+-)?ld|collect2)[^/\]*( |$)]
  ignore line: [Change Dir: /home/neilogd/Dev/schematics/4op_drum_module/firmware/build/STM32F103C6T8/CMakeFiles/CMakeTmp]
  ignore line: []
  ignore line: [Run Build Command:"/usr/bin/make" "cmTC_487c8/fast"]
  ignore line: [/usr/bin/make -f CMakeFiles/cmTC_487c8.dir/build.make CMakeFiles/cmTC_487c8.dir/build]
  ignore line: [make[1]: Entering directory '/home/neilogd/Dev/schematics/4op_drum_module/firmware/build/STM32F103C6T8/CMakeFiles/CMakeTmp']
  ignore line: [Building C object CMakeFiles/cmTC_487c8.dir/CMakeCCompilerABI.c.obj]
  ignore line: [/usr/bin/arm-none-eabi-gcc   -ffreestanding -fno-non-call-exceptions -ffreestanding -fno-non-call-exceptions    -o CMakeFiles/cmTC_487c8.dir/CMakeCCompilerABI.c.obj   -c /usr/share/cmake-3.13/Modules/CMakeCCompilerABI.c]
  ignore line: [Linking C static library libcmTC_487c8.a]
  ignore line: [/usr/bin/cmake -P CMakeFiles/cmTC_487c8.dir/cmake_clean_target.cmake]
  ignore line: [/usr/bin/cmake -E cmake_link_script CMakeFiles/cmTC_487c8.dir/link.txt --verbose=1]
  ignore line: [/usr/bin/arm-none-eabi-ar qc libcmTC_487c8.a  CMakeFiles/cmTC_487c8.dir/CMakeCCompilerABI.c.obj]
  ignore line: [/usr/bin/arm-none-eabi-ranlib libcmTC_487c8.a]
  ignore line: [make[1]: Leaving directory '/home/neilogd/Dev/schematics/4op_drum_module/firmware/build/STM32F103C6T8/CMakeFiles/CMakeTmp']
  ignore line: []
  implicit libs: []
  implicit dirs: []
  implicit fwks: []




Detecting C [-std=c11] compiler features compiled with the following output:
Change Dir: /home/neilogd/Dev/schematics/4op_drum_module/firmware/build/STM32F103C6T8/CMakeFiles/CMakeTmp

Run Build Command:"/usr/bin/make" "cmTC_bb39d/fast"
/usr/bin/make -f CMakeFiles/cmTC_bb39d.dir/build.make CMakeFiles/cmTC_bb39d.dir/build
make[1]: Entering directory '/home/neilogd/Dev/schematics/4op_drum_module/firmware/build/STM32F103C6T8/CMakeFiles/CMakeTmp'
Building C object CMakeFiles/cmTC_bb39d.dir/feature_tests.c.obj
/usr/bin/arm-none-eabi-gcc   -ffreestanding -fno-non-call-exceptions -ffreestanding -fno-non-call-exceptions    -std=c11 -o CMakeFiles/cmTC_bb39d.dir/feature_tests.c.obj   -c /home/neilogd/Dev/schematics/4op_drum_module/firmware/build/STM32F103C6T8/CMakeFiles/feature_tests.c
Linking C static library libcmTC_bb39d.a
/usr/bin/cmake -P CMakeFiles/cmTC_bb39d.dir/cmake_clean_target.cmake
/usr/bin/cmake -E cmake_link_script CMakeFiles/cmTC_bb39d.dir/link.txt --verbose=1
/usr/bin/arm-none-eabi-ar qc libcmTC_bb39d.a  CMakeFiles/cmTC_bb39d.dir/feature_tests.c.obj
/usr/bin/arm-none-eabi-ranlib libcmTC_bb39d.a
make[1]: Leaving directory '/home/neilogd/Dev/schematics/4op_drum_module/firmware/build/STM32F103C6T8/CMakeFiles/CMakeTmp'


    Feature record: C_FEATURE:1c_function_prototypes
    Feature record: C_FEATURE:1c_restrict
    Feature record: C_FEATURE:1c_static_assert
    Feature record: C_FEATURE:1c_variadic_macros


Detecting C [-std=c99] compiler features compiled with the following output:
Change Dir: /home/neilogd/Dev/schematics/4op_drum_module/firmware/build/STM32F103C6T8/CMakeFiles/CMakeTmp

Run Build Command:"/usr/bin/make" "cmTC_0e4fe/fast"
/usr/bin/make -f CMakeFiles/cmTC_0e4fe.dir/build.make CMakeFiles/cmTC_0e4fe.dir/build
make[1]: Entering directory '/home/neilogd/Dev/schematics/4op_drum_module/firmware/build/STM32F103C6T8/CMakeFiles/CMakeTmp'
Building C object CMakeFiles/cmTC_0e4fe.dir/feature_tests.c.obj
/usr/bin/arm-none-eabi-gcc   -ffreestanding -fno-non-call-exceptions -ffreestanding -fno-non-call-exceptions    -std=c99 -o CMakeFiles/cmTC_0e4fe.dir/feature_tests.c.obj   -c /home/neilogd/Dev/schematics/4op_drum_module/firmware/build/STM32F103C6T8/CMakeFiles/feature_tests.c
Linking C static library libcmTC_0e4fe.a
/usr/bin/cmake -P CMakeFiles/cmTC_0e4fe.dir/cmake_clean_target.cmake
/usr/bin/cmake -E cmake_link_script CMakeFiles/cmTC_0e4fe.dir/link.txt --verbose=1
/usr/bin/arm-none-eabi-ar qc libcmTC_0e4fe.a  CMakeFiles/cmTC_0e4fe.dir/feature_tests.c.obj
/usr/bin/arm-none-eabi-ranlib libcmTC_0e4fe.a
make[1]: Leaving directory '/home/neilogd/Dev/schematics/4op_drum_module/firmware/build/STM32F103C6T8/CMakeFiles/CMakeTmp'


    Feature record: C_FEATURE:1c_function_prototypes
    Feature record: C_FEATURE:1c_restrict
    Feature record: C_FEATURE:0c_static_assert
    Feature record: C_FEATURE:1c_variadic_macros


Detecting C [-std=c90] compiler features compiled with the following output:
Change Dir: /home/neilogd/Dev/schematics/4op_drum_module/firmware/build/STM32F103C6T8/CMakeFiles/CMakeTmp

Run Build Command:"/usr/bin/make" "cmTC_1ab3c/fast"
/usr/bin/make -f CMakeFiles/cmTC_1ab3c.dir/build.make CMakeFiles/cmTC_1ab3c.dir/build
make[1]: Entering directory '/home/neilogd/Dev/schematics/4op_drum_module/firmware/build/STM32F103C6T8/CMakeFiles/CMakeTmp'
Building C object CMakeFiles/cmTC_1ab3c.dir/feature_tests.c.obj
/usr/bin/arm-none-eabi-gcc   -ffreestanding -fno-non-call-exceptions -ffreestanding -fno-non-call-exceptions    -std=c90 -o CMakeFiles/cmTC_1ab3c.dir/feature_tests.c.obj   -c /home/neilogd/Dev/schematics/4op_drum_module/firmware/build/STM32F103C6T8/CMakeFiles/feature_tests.c
Linking C static library libcmTC_1ab3c.a
/usr/bin/cmake -P CMakeFiles/cmTC_1ab3c.dir/cmake_clean_target.cmake
/usr/bin/cmake -E cmake_link_script CMakeFiles/cmTC_1ab3c.dir/link.txt --verbose=1
/usr/bin/arm-none-eabi-ar qc libcmTC_1ab3c.a  CMakeFiles/cmTC_1ab3c.dir/feature_tests.c.obj
/usr/bin/arm-none-eabi-ranlib libcmTC_1ab3c.a
make[1]: Leaving directory '/home/neilogd/Dev/schematics/4op_drum_module/firmware/build/STM32F103C6T8/CMakeFiles/CMakeTmp'


    Feature record: C_FEATURE:1c_function_prototypes
    Feature record: C_FEATURE:0c_restrict
    Feature record: C_FEATURE:0c_static_assert
    Feature record: C_FEATURE:0c_variadic_macros
Determining if the CXX compiler works passed with the following output:
Change Dir: /home/neilogd/Dev/schematics/4op_drum_module/firmware/build/STM32F103C6T8/CMakeFiles/CMakeTmp

Run Build Command:"/usr/bin/make" "cmTC_199ed/fast"
/usr/bin/make -f CMakeFiles/cmTC_199ed.dir/build.make CMakeFiles/cmTC_199ed.dir/build
make[1]: Entering directory '/home/neilogd/Dev/schematics/4op_drum_module/firmware/build/STM32F103C6T8/CMakeFiles/CMakeTmp'
Building CXX object CMakeFiles/cmTC_199ed.dir/testCXXCompiler.cxx.obj
/usr/bin/arm-none-eabi-g++    -ffreestanding -fno-non-call-exceptions -fno-use-cxa-atexit -fno-threadsafe-statics -ffreestanding -fno-non-call-exceptions -fno-use-cxa-atexit -fno-threadsafe-statics    -o CMakeFiles/cmTC_199ed.dir/testCXXCompiler.cxx.obj -c /home/neilogd/Dev/schematics/4op_drum_module/firmware/build/STM32F103C6T8/CMakeFiles/CMakeTmp/testCXXCompiler.cxx
Linking CXX static library libcmTC_199ed.a
/usr/bin/cmake -P CMakeFiles/cmTC_199ed.dir/cmake_clean_target.cmake
/usr/bin/cmake -E cmake_link_script CMakeFiles/cmTC_199ed.dir/link.txt --verbose=1
/usr/bin/arm-none-eabi-ar qc libcmTC_199ed.a  CMakeFiles/cmTC_199ed.dir/testCXXCompiler.cxx.obj
/usr/bin/arm-none-eabi-ranlib libcmTC_199ed.a
make[1]: Leaving directory '/home/neilogd/Dev/schematics/4op_drum_module/firmware/build/STM32F103C6T8/CMakeFiles/CMakeTmp'


Detecting CXX compiler ABI info compiled with the following output:
Change Dir: /home/neilogd/Dev/schematics/4op_drum_module/firmware/build/STM32F103C6T8/CMakeFiles/CMakeTmp

Run Build Command:"/usr/bin/make" "cmTC_75b2d/fast"
/usr/bin/make -f CMakeFiles/cmTC_75b2d.dir/build.make CMakeFiles/cmTC_75b2d.dir/build
make[1]: Entering directory '/home/neilogd/Dev/schematics/4op_drum_module/firmware/build/STM32F103C6T8/CMakeFiles/CMakeTmp'
Building CXX object CMakeFiles/cmTC_75b2d.dir/CMakeCXXCompilerABI.cpp.obj
/usr/bin/arm-none-eabi-g++    -ffreestanding -fno-non-call-exceptions -fno-use-cxa-atexit -fno-threadsafe-statics -ffreestanding -fno-non-call-exceptions -fno-use-cxa-atexit -fno-threadsafe-statics    -o CMakeFiles/cmTC_75b2d.dir/CMakeCXXCompilerABI.cpp.obj -c /usr/share/cmake-3.13/Modules/CMakeCXXCompilerABI.cpp
Linking CXX static library libcmTC_75b2d.a
/usr/bin/cmake -P CMakeFiles/cmTC_75b2d.dir/cmake_clean_target.cmake
/usr/bin/cmake -E cmake_link_script CMakeFiles/cmTC_75b2d.dir/link.txt --verbose=1
/usr/bin/arm-none-eabi-ar qc libcmTC_75b2d.a  CMakeFiles/cmTC_75b2d.dir/CMakeCXXCompilerABI.cpp.obj
/usr/bin/arm-none-eabi-ranlib libcmTC_75b2d.a
make[1]: Leaving directory '/home/neilogd/Dev/schematics/4op_drum_module/firmware/build/STM32F103C6T8/CMakeFiles/CMakeTmp'


Parsed CXX implicit link information from above output:
  link line regex: [^( *|.*[/\])(arm-none-eabi-ld|CMAKE_LINK_STARTFILE-NOTFOUND|([^/\]+-)?ld|collect2)[^/\]*( |$)]
  ignore line: [Change Dir: /home/neilogd/Dev/schematics/4op_drum_module/firmware/build/STM32F103C6T8/CMakeFiles/CMakeTmp]
  ignore line: []
  ignore line: [Run Build Command:"/usr/bin/make" "cmTC_75b2d/fast"]
  ignore line: [/usr/bin/make -f CMakeFiles/cmTC_75b2d.dir/build.make CMakeFiles/cmTC_75b2d.dir/build]
  ignore line: [make[1]: Entering directory '/home/neilogd/Dev/schematics/4op_drum_module/firmware/build/STM32F103C6T8/CMakeFiles/CMakeTmp']
  ignore line: [Building CXX object CMakeFiles/cmTC_75b2d.dir/CMakeCXXCompilerABI.cpp.obj]
  ignore line: [/usr/bin/arm-none-eabi-g++    -ffreestanding -fno-non-call-exceptions -fno-use-cxa-atexit -fno-threadsafe-statics -ffreestanding -fno-non-call-exceptions -fno-use-cxa-atexit -fno-threadsafe-statics    -o CMakeFiles/cmTC_75b2d.dir/CMakeCXXCompilerABI.cpp.obj -c /usr/share/cmake-3.13/Modules/CMakeCXXCompilerABI.cpp]
  ignore line: [Linking CXX static library libcmTC_75b2d.a]
  ignore line: [/usr/bin/cmake -P CMakeFiles/cmTC_75b2d.dir/cmake_clean_target.cmake]
  ignore line: [/usr/bin/cmake -E cmake_link_script CMakeFiles/cmTC_75b2d.dir/link.txt --verbose=1]
  ignore line: [/usr/bin/arm-none-eabi-ar qc libcmTC_75b2d.a  CMakeFiles/cmTC_75b2d.dir/CMakeCXXCompilerABI.cpp.obj]
  ignore line: [/usr/bin/arm-none-eabi-ranlib libcmTC_75b2d.a]
  ignore line: [make[1]: Leaving directory '/home/neilogd/Dev/schematics/4op_drum_module/firmware/build/STM32F103C6T8/CMakeFiles/CMakeTmp']
  ignore line: []
  implicit libs: []
  implicit dirs: []
  implicit fwks: []




Detecting CXX [-std=c++1z] compiler features compiled with the following output:
Change Dir: /home/neilogd/Dev/schematics/4op_drum_module/firmware/build/STM32F103C6T8/CMakeFiles/CMakeTmp

Run Build Command:"/usr/bin/make" "cmTC_5d451/fast"
/usr/bin/make -f CMakeFiles/cmTC_5d451.dir/build.make CMakeFiles/cmTC_5d451.dir/build
make[1]: Entering directory '/home/neilogd/Dev/schematics/4op_drum_module/firmware/build/STM32F103C6T8/CMakeFiles/CMakeTmp'
Building CXX object CMakeFiles/cmTC_5d451.dir/feature_tests.cxx.obj
/usr/bin/arm-none-eabi-g++    -ffreestanding -fno-non-call-exceptions -fno-use-cxa-atexit -fno-threadsafe-statics -ffreestanding -fno-non-call-exceptions -fno-use-cxa-atexit -fno-threadsafe-statics    -std=c++1z -o CMakeFiles/cmTC_5d451.dir/feature_tests.cxx.obj -c /home/neilogd/Dev/schematics/4op_drum_module/firmware/build/STM32F103C6T8/CMakeFiles/feature_tests.cxx
Linking CXX static library libcmTC_5d451.a
/usr/bin/cmake -P CMakeFiles/cmTC_5d451.dir/cmake_clean_target.cmake
/usr/bin/cmake -E cmake_link_script CMakeFiles/cmTC_5d451.dir/link.txt --verbose=1
/usr/bin/arm-none-eabi-ar qc libcmTC_5d451.a  CMakeFiles/cmTC_5d451.dir/feature_tests.cxx.obj
/usr/bin/arm-none-eabi-ranlib libcmTC_5d451.a
make[1]: Leaving directory '/home/neilogd/Dev/schematics/4op_drum_module/firmware/build/STM32F103C6T8/CMakeFiles/CMakeTmp'


    Feature record: CXX_FEATURE:1cxx_aggregate_default_initializers
    Feature record: CXX_FEATURE:1cxx_alias_templates
    Feature record: CXX_FEATURE:1cxx_alignas
    Feature record: CXX_FEATURE:1cxx_alignof
    Feature record: CXX_FEATURE:1cxx_attributes
    Feature record: CXX_FEATURE:1cxx_attribute_deprecated
    Feature record: CXX_FEATURE:1cxx_auto_type
    Feature record: CXX_FEATURE:1cxx_binary_literals
    Feature record: CXX_FEATURE:1cxx_constexpr
    Feature record: CXX_FEATURE:1cxx_contextual_conversions
    Feature record: CXX_FEATURE:1cxx_decltype
    Feature record: CXX_FEATURE:1cxx_decltype_auto
    Feature record: CXX_FEATURE:1cxx_decltype_incomplete_return_types
    Feature record: CXX_FEATURE:1cxx_default_function_template_args
    Feature record: CXX_FEATURE:1cxx_defaulted_functions
    Feature record: CXX_FEATURE:1cxx_defaulted_move_initializers
    Feature record: CXX_FEATURE:1cxx_delegating_constructors
    Feature record: CXX_FEATURE:1cxx_deleted_functions
    Feature record: CXX_FEATURE:1cxx_digit_separators
    Feature record: CXX_FEATURE:1cxx_enum_forward_declarations
    Feature record: CXX_FEATURE:1cxx_explicit_conversions
    Feature record: CXX_FEATURE:1cxx_extended_friend_declarations
    Feature record: CXX_FEATURE:1cxx_extern_templates
    Feature record: CXX_FEATURE:1cxx_final
    Feature record: CXX_FEATURE:1cxx_func_identifier
    Feature record: CXX_FEATURE:1cxx_generalized_initializers
    Feature record: CXX_FEATURE:1cxx_generic_lambdas
    Feature record: CXX_FEATURE:1cxx_inheriting_constructors
    Feature record: CXX_FEATURE:1cxx_inline_namespaces
    Feature record: CXX_FEATURE:1cxx_lambdas
    Feature record: CXX_FEATURE:1cxx_lambda_init_captures
    Feature record: CXX_FEATURE:1cxx_local_type_template_args
    Feature record: CXX_FEATURE:1cxx_long_long_type
    Feature record: CXX_FEATURE:1cxx_noexcept
    Feature record: CXX_FEATURE:1cxx_nonstatic_member_init
    Feature record: CXX_FEATURE:1cxx_nullptr
    Feature record: CXX_FEATURE:1cxx_override
    Feature record: CXX_FEATURE:1cxx_range_for
    Feature record: CXX_FEATURE:1cxx_raw_string_literals
    Feature record: CXX_FEATURE:1cxx_reference_qualified_functions
    Feature record: CXX_FEATURE:1cxx_relaxed_constexpr
    Feature record: CXX_FEATURE:1cxx_return_type_deduction
    Feature record: CXX_FEATURE:1cxx_right_angle_brackets
    Feature record: CXX_FEATURE:1cxx_rvalue_references
    Feature record: CXX_FEATURE:1cxx_sizeof_member
    Feature record: CXX_FEATURE:1cxx_static_assert
    Feature record: CXX_FEATURE:1cxx_strong_enums
    Feature record: CXX_FEATURE:1cxx_template_template_parameters
    Feature record: CXX_FEATURE:1cxx_thread_local
    Feature record: CXX_FEATURE:1cxx_trailing_return_types
    Feature record: CXX_FEATURE:1cxx_unicode_literals
    Feature record: CXX_FEATURE:1cxx_uniform_initialization
    Feature record: CXX_FEATURE:1cxx_unrestricted_unions
    Feature record: CXX_FEATURE:1cxx_user_literals
    Feature record: CXX_FEATURE:1cxx_variable_templates
    Feature record: CXX_FEATURE:1cxx_variadic_macros
    Feature record: CXX_FEATURE:1cxx_variadic_templates


Detecting CXX [-std=c++14] compiler features compiled with the following output:
Change Dir: /home/neilogd/Dev/schematics/4op_drum_module/firmware/build/STM32F103C6T8/CMakeFiles/CMakeTmp

Run Build Command:"/usr/bin/make" "cmTC_261cb/fast"
/usr/bin/make -f CMakeFiles/cmTC_261cb.dir/build.make CMakeFiles/cmTC_261cb.dir/build
make[1]: Entering directory '/home/neilogd/Dev/schematics/4op_drum_module/firmware/build/STM32F103C6T8/CMakeFiles/CMakeTmp'
Building CXX object CMakeFiles/cmTC_261cb.dir/feature_tests.cxx.obj
/usr/bin/arm-none-eabi-g++    -ffreestanding -fno-non-call-exceptions -fno-use-cxa-atexit -fno-threadsafe-statics -ffreestanding -fno-non-call-exceptions -fno-use-cxa-atexit -fno-threadsafe-statics    -std=c++14 -o CMakeFiles/cmTC_261cb.dir/feature_tests.cxx.obj -c /home/neilogd/Dev/schematics/4op_drum_module/firmware/build/STM32F103C6T8/CMakeFiles/feature_tests.cxx
Linking CXX static library libcmTC_261cb.a
/usr/bin/cmake -P CMakeFiles/cmTC_261cb.dir/cmake_clean_target.cmake
/usr/bin/cmake -E cmake_link_script CMakeFiles/cmTC_261cb.dir/link.txt --verbose=1
/usr/bin/arm-none-eabi-ar qc libcmTC_261cb.a  CMakeFiles/cmTC_261cb.dir/feature_tests.cxx.obj
/usr/bin/arm-none-eabi-ranlib libcmTC_261cb.a
make[1]: Leaving directory '/home/neilogd/Dev/schematics/4op_drum_module/firmware/build/STM32F103C6T8/CMakeFiles/CMakeTmp'


    Feature record: CXX_FEATURE:1cxx_aggregate_default_initializers
    Feature record: CXX_FEATURE:1cxx_alias_templates
    Feature record: CXX_FEATURE:1cxx_alignas
    Feature record: CXX_FEATURE:1cxx_alignof
    Feature record: CXX_FEATURE:1cxx_attributes
    Feature record: CXX_FEATURE:1cxx_attribute_deprecated
    Feature record: CXX_FEATURE:1cxx_auto_type
    Feature record: CXX_FEATURE:1cxx_binary_literals
    Feature record: CXX_FEATURE:1cxx_constexpr
    Feature record: CXX_FEATURE:1cxx_contextual_conversions
    Feature record: CXX_FEATURE:1cxx_decltype
    Feature record: CXX_FEATURE:1cxx_decltype_auto
    Feature record: CXX_FEATURE:1cxx_decltype_incomplete_return_types
    Feature record: CXX_FEATURE:1cxx_default_function_template_args
    Feature record: CXX_FEATURE:1cxx_defaulted_functions
    Feature record: CXX_FEATURE:1cxx_defaulted_move_initializers
    Feature record: CXX_FEATURE:1cxx_delegating_constructors
    Feature record: CXX_FEATURE:1cxx_deleted_functions
    Feature record: CXX_FEATURE:1cxx_digit_separators
    Feature record: CXX_FEATURE:1cxx_enum_forward_declarations
    Feature record: CXX_FEATURE:1cxx_explicit_conversions
    Feature record: CXX_FEATURE:1cxx_extended_friend_declarations
    Feature record: CXX_FEATURE:1cxx_extern_templates
    Feature record: CXX_FEATURE:1cxx_final
    Feature record: CXX_FEATURE:1cxx_func_identifier
    Feature record: CXX_FEATURE:1cxx_generalized_initializers
    Feature record: CXX_FEATURE:1cxx_generic_lambdas
    Feature record: CXX_FEATURE:1cxx_inheriting_constructors
    Feature record: CXX_FEATURE:1cxx_inline_namespaces
    Feature record: CXX_FEATURE:1cxx_lambdas
    Feature record: CXX_FEATURE:1cxx_lambda_init_captures
    Feature record: CXX_FEATURE:1cxx_local_type_template_args
    Feature record: CXX_FEATURE:1cxx_long_long_type
    Feature record: CXX_FEATURE:1cxx_noexcept
    Feature record: CXX_FEATURE:1cxx_nonstatic_member_init
    Feature record: CXX_FEATURE:1cxx_nullptr
    Feature record: CXX_FEATURE:1cxx_override
    Feature record: CXX_FEATURE:1cxx_range_for
    Feature record: CXX_FEATURE:1cxx_raw_string_literals
    Feature record: CXX_FEATURE:1cxx_reference_qualified_functions
    Feature record: CXX_FEATURE:1cxx_relaxed_constexpr
    Feature record: CXX_FEATURE:1cxx_return_type_deduction
    Feature record: CXX_FEATURE:1cxx_right_angle_brackets
    Feature record: CXX_FEATURE:1cxx_rvalue_references
    Feature record: CXX_FEATURE:1cxx_sizeof_member
    Feature record: CXX_FEATURE:1cxx_static_assert
    Feature record: CXX_FEATURE:1cxx_strong_enums
    Feature record: CXX_FEATURE:1cxx_template_template_parameters
    Feature record: CXX_FEATURE:1cxx_thread_local
    Feature record: CXX_FEATURE:1cxx_trailing_return_types
    Feature record: CXX_FEATURE:1cxx_unicode_literals
    Feature record: CXX_FEATURE:1cxx_uniform_initialization
    Feature record: CXX_FEATURE:1cxx_unrestricted_unions
    Feature record: CXX_FEATURE:1cxx_user_literals
    Feature record: CXX_FEATURE:1cxx_variable_templates
    Feature record: CXX_FEATURE:1cxx_variadic_macros
    Feature record: CXX_FEATURE:1cxx_variadic_templates


Detecting CXX [-std=c++11] compiler features compiled with the following output:
Change Dir: /home/neilogd/Dev/schematics/4op_drum_module/firmware/build/STM32F103C6T8/CMakeFiles/CMakeTmp

Run Build Command:"/usr/bin/make" "cmTC_dd33c/fast"
/usr/bin/make -f CMakeFiles/cmTC_dd33c.dir/build.make CMakeFiles/cmTC_dd33c.dir/build
make[1]: Entering directory '/home/neilogd/Dev/schematics/4op_drum_module/firmware/build/STM32F103C6T8/CMakeFiles/CMakeTmp'
Building CXX object CMakeFiles/cmTC_dd33c.dir/feature_tests.cxx.obj
/usr/bin/arm-none-eabi-g++    -ffreestanding -fno-non-call-exceptions -fno-use-cxa-atexit -fno-threadsafe-statics -ffreestanding -fno-non-call-exceptions -fno-use-cxa-atexit -fno-threadsafe-statics    -std=c++11 -o CMakeFiles/cmTC_dd33c.dir/feature_tests.cxx.obj -c /home/neilogd/Dev/schematics/4op_drum_module/firmware/build/STM32F103C6T8/CMakeFiles/feature_tests.cxx
Linking CXX static library libcmTC_dd33c.a
/usr/bin/cmake -P CMakeFiles/cmTC_dd33c.dir/cmake_clean_target.cmake
/usr/bin/cmake -E cmake_link_script CMakeFiles/cmTC_dd33c.dir/link.txt --verbose=1
/usr/bin/arm-none-eabi-ar qc libcmTC_dd33c.a  CMakeFiles/cmTC_dd33c.dir/feature_tests.cxx.obj
/usr/bin/arm-none-eabi-ranlib libcmTC_dd33c.a
make[1]: Leaving directory '/home/neilogd/Dev/schematics/4op_drum_module/firmware/build/STM32F103C6T8/CMakeFiles/CMakeTmp'


    Feature record: CXX_FEATURE:0cxx_aggregate_default_initializers
    Feature record: CXX_FEATURE:1cxx_alias_templates
    Feature record: CXX_FEATURE:1cxx_alignas
    Feature record: CXX_FEATURE:1cxx_alignof
    Feature record: CXX_FEATURE:1cxx_attributes
    Feature record: CXX_FEATURE:0cxx_attribute_deprecated
    Feature record: CXX_FEATURE:1cxx_auto_type
    Feature record: CXX_FEATURE:0cxx_binary_literals
    Feature record: CXX_FEATURE:1cxx_constexpr
    Feature record: CXX_FEATURE:0cxx_contextual_conversions
    Feature record: CXX_FEATURE:1cxx_decltype
    Feature record: CXX_FEATURE:0cxx_decltype_auto
    Feature record: CXX_FEATURE:1cxx_decltype_incomplete_return_types
    Feature record: CXX_FEATURE:1cxx_default_function_template_args
    Feature record: CXX_FEATURE:1cxx_defaulted_functions
    Feature record: CXX_FEATURE:1cxx_defaulted_move_initializers
    Feature record: CXX_FEATURE:1cxx_delegating_constructors
    Feature record: CXX_FEATURE:1cxx_deleted_functions
    Feature record: CXX_FEATURE:0cxx_digit_separators
    Feature record: CXX_FEATURE:1cxx_enum_forward_declarations
    Feature record: CXX_FEATURE:1cxx_explicit_conversions
    Feature record: CXX_FEATURE:1cxx_extended_friend_declarations
    Feature record: CXX_FEATURE:1cxx_extern_templates
    Feature record: CXX_FEATURE:1cxx_final
    Feature record: CXX_FEATURE:1cxx_func_identifier
    Feature record: CXX_FEATURE:1cxx_generalized_initializers
    Feature record: CXX_FEATURE:0cxx_generic_lambdas
    Feature record: CXX_FEATURE:1cxx_inheriting_constructors
    Feature record: CXX_FEATURE:1cxx_inline_namespaces
    Feature record: CXX_FEATURE:1cxx_lambdas
    Feature record: CXX_FEATURE:0cxx_lambda_init_captures
    Feature record: CXX_FEATURE:1cxx_local_type_template_args
    Feature record: CXX_FEATURE:1cxx_long_long_type
    Feature record: CXX_FEATURE:1cxx_noexcept
    Feature record: CXX_FEATURE:1cxx_nonstatic_member_init
    Feature record: CXX_FEATURE:1cxx_nullptr
    Feature record: CXX_FEATURE:1cxx_override
    Feature record: CXX_FEATURE:1cxx_range_for
    Feature record: CXX_FEATURE:1cxx_raw_string_literals
    Feature record: CXX_FEATURE:1cxx_reference_qualified_functions
    Feature record: CXX_FEATURE:0cxx_relaxed_constexpr
    Feature record: CXX_FEATURE:0cxx_return_type_deduction
    Feature record: CXX_FEATURE:1cxx_right_angle_brackets
    Feature record: CXX_FEATURE:1cxx_rvalue_references
    Feature record: CXX_FEATURE:1cxx_sizeof_member
    Feature record: CXX_FEATURE:1cxx_static_assert
    Feature record: CXX_FEATURE:1cxx_strong_enums
    Feature record: CXX_FEATURE:1cxx_template_template_parameters
    Feature record: CXX_FEATURE:1cxx_thread_local
    Feature record: CXX_FEATURE:1cxx_trailing_return_types
    Feature record: CXX_FEATURE:1cxx_unicode_literals
    Feature record: CXX_FEATURE:1cxx_uniform_initialization
    Feature record: CXX_FEATURE:1cxx_unrestricted_unions
    Feature record: CXX_FEATURE:1cxx_user_literals
    Feature record: CXX_FEATURE:0cxx_variable_templates
    Feature record: CXX_FEATURE:1cxx_variadic_macros
    Feature record: CXX_FEATURE:1cxx_variadic_templates


Detecting CXX [-std=c++98] compiler features compiled with the following output:
Change Dir: /home/neilogd/Dev/schematics/4op_drum_module/firmware/build/STM32F103C6T8/CMakeFiles/CMakeTmp

Run Build Command:"/usr/bin/make" "cmTC_2c349/fast"
/usr/bin/make -f CMakeFiles/cmTC_2c349.dir/build.make CMakeFiles/cmTC_2c349.dir/build
make[1]: Entering directory '/home/neilogd/Dev/schematics/4op_drum_module/firmware/build/STM32F103C6T8/CMakeFiles/CMakeTmp'
Building CXX object CMakeFiles/cmTC_2c349.dir/feature_tests.cxx.obj
/usr/bin/arm-none-eabi-g++    -ffreestanding -fno-non-call-exceptions -fno-use-cxa-atexit -fno-threadsafe-statics -ffreestanding -fno-non-call-exceptions -fno-use-cxa-atexit -fno-threadsafe-statics    -std=c++98 -o CMakeFiles/cmTC_2c349.dir/feature_tests.cxx.obj -c /home/neilogd/Dev/schematics/4op_drum_module/firmware/build/STM32F103C6T8/CMakeFiles/feature_tests.cxx
Linking CXX static library libcmTC_2c349.a
/usr/bin/cmake -P CMakeFiles/cmTC_2c349.dir/cmake_clean_target.cmake
/usr/bin/cmake -E cmake_link_script CMakeFiles/cmTC_2c349.dir/link.txt --verbose=1
/usr/bin/arm-none-eabi-ar qc libcmTC_2c349.a  CMakeFiles/cmTC_2c349.dir/feature_tests.cxx.obj
/usr/bin/arm-none-eabi-ranlib libcmTC_2c349.a
make[1]: Leaving directory '/home/neilogd/Dev/schematics/4op_drum_module/firmware/build/STM32F103C6T8/CMakeFiles/CMakeTmp'


    Feature record: CXX_FEATURE:0cxx_aggregate_default_initializers
    Feature record: CXX_FEATURE:0cxx_alias_templates
    Feature record: CXX_FEATURE:0cxx_alignas
    Feature record: CXX_FEATURE:0cxx_alignof
    Feature record: CXX_FEATURE:0cxx_attributes
    Feature record: CXX_FEATURE:0cxx_attribute_deprecated
    Feature record: CXX_FEATURE:0cxx_auto_type
    Feature record: CXX_FEATURE:0cxx_binary_literals
    Feature record: CXX_FEATURE:0cxx_constexpr
    Feature record: CXX_FEATURE:0cxx_contextual_conversions
    Feature record: CXX_FEATURE:0cxx_decltype
    Feature record: CXX_FEATURE:0cxx_decltype_auto
    Feature record: CXX_FEATURE:0cxx_decltype_incomplete_return_types
    Feature record: CXX_FEATURE:0cxx_default_function_template_args
    Feature record: CXX_FEATURE:0cxx_defaulted_functions
    Feature record: CXX_FEATURE:0cxx_defaulted_move_initializers
    Feature record: CXX_FEATURE:0cxx_delegating_constructors
    Feature record: CXX_FEATURE:0cxx_deleted_functions
    Feature record: CXX_FEATURE:0cxx_digit_separators
    Feature record: CXX_FEATURE:0cxx_enum_forward_declarations
    Feature record: CXX_FEATURE:0cxx_explicit_conversions
    Feature record: CXX_FEATURE:0cxx_extended_friend_declarations
    Feature record: CXX_FEATURE:0cxx_extern_templates
    Feature record: CXX_FEATURE:0cxx_final
    Feature record: CXX_FEATURE:0cxx_func_identifier
    Feature record: CXX_FEATURE:0cxx_generalized_initializers
    Feature record: CXX_FEATURE:0cxx_generic_lambdas
    Feature record: CXX_FEATURE:0cxx_inheriting_constructors
    Feature record: CXX_FEATURE:0cxx_inline_namespaces
    Feature record: CXX_FEATURE:0cxx_lambdas
    Feature record: CXX_FEATURE:0cxx_lambda_init_captures
    Feature record: CXX_FEATURE:0cxx_local_type_template_args
    Feature record: CXX_FEATURE:0cxx_long_long_type
    Feature record: CXX_FEATURE:0cxx_noexcept
    Feature record: CXX_FEATURE:0cxx_nonstatic_member_init
    Feature record: CXX_FEATURE:0cxx_nullptr
    Feature record: CXX_FEATURE:0cxx_override
    Feature record: CXX_FEATURE:0cxx_range_for
    Feature record: CXX_FEATURE:0cxx_raw_string_literals
    Feature record: CXX_FEATURE:0cxx_reference_qualified_functions
    Feature record: CXX_FEATURE:0cxx_relaxed_constexpr
    Feature record: CXX_FEATURE:0cxx_return_type_deduction
    Feature record: CXX_FEATURE:0cxx_right_angle_brackets
    Feature record: CXX_FEATURE:0cxx_rvalue_references
    Feature record: CXX_FEATURE:0cxx_sizeof_member
    Feature record: CXX_FEATURE:0cxx_static_assert
    Feature record: CXX_FEATURE:0cxx_strong_enums
    Feature record: CXX_FEATURE:1cxx_template_template_parameters
    Feature record: CXX_FEATURE:0cxx_thread_local
    Feature record: CXX_FEATURE:0cxx_trailing_return_types
    Feature record: CXX_FEATURE:0cxx_unicode_literals
    Feature record: CXX_FEATURE:0cxx_uniform_initialization
    Feature record: CXX_FEATURE:0cxx_unrestricted_unions
    Feature record: CXX_FEATURE:0cxx_user_literals
    Feature record: CXX_FEATURE:0cxx_variable_templates
    Feature record: CXX_FEATURE:0cxx_variadic_macros
    Feature record: CXX_FEATURE:0cxx_variadic_templates
The target system is: arm-bare - 1 - 
The host system is: Linux - 5.0.0-21-generic - x86_64
Compiling the C compiler identification source file "CMakeCCompilerId.c" succeeded.
Compiler: /usr/bin/arm-none-eabi-gcc 
Build flags: ;-ffreestanding;-fno-non-call-exceptions;-ffreestanding;-fno-non-call-exceptions
Id flags: -c 

The output was:
0


Compilation of the C compiler identification source "CMakeCCompilerId.c" produced "CMakeCCompilerId.o"

The C compiler identification is GNU, found in "/home/neilogd/Dev/schematics/4op_drum_module/firmware/build/STM32F103C6T8/CMakeFiles/3.13.4/CompilerIdC/CMakeCCompilerId.o"

Compiling the CXX compiler identification source file "CMakeCXXCompilerId.cpp" succeeded.
Compiler: /usr/bin/arm-none-eabi-g++ 
Build flags: ;-ffreestanding;-fno-non-call-exceptions;-fno-use-cxa-atexit;-fno-threadsafe-statics;-ffreestanding;-fno-non-call-exceptions;-fno-use-cxa-atexit;-fno-threadsafe-statics
Id flags: -c 

The output was:
0


Compilation of the CXX compiler identification source "CMakeCXXCompilerId.cpp" produced "CMakeCXXCompilerId.o"

The CXX compiler identification is GNU, found in "/home/neilogd/Dev/schematics/4op_drum_module/firmware/build/STM32F103C6T8/CMakeFiles/3.13.4/CompilerIdCXX/CMakeCXXCompilerId.o"

Determining if the C compiler works passed with the following output:
Change Dir: /home/neilogd/Dev/schematics/4op_drum_module/firmware/build/STM32F103C6T8/CMakeFiles/CMakeTmp

Run Build Command:"/usr/bin/make" "cmTC_054e0/fast"
/usr/bin/make -f CMakeFiles/cmTC_054e0.dir/build.make CMakeFiles/cmTC_054e0.dir/build
make[1]: Entering directory '/home/neilogd/Dev/schematics/4op_drum_module/firmware/build/STM32F103C6T8/CMakeFiles/CMakeTmp'
Building C object CMakeFiles/cmTC_054e0.dir/testCCompiler.c.obj
/usr/bin/arm-none-eabi-gcc   -ffreestanding -fno-non-call-exceptions -ffreestanding -fno-non-call-exceptions    -o CMakeFiles/cmTC_054e0.dir/testCCompiler.c.obj   -c /home/neilogd/Dev/schematics/4op_drum_module/firmware/build/STM32F103C6T8/CMakeFiles/CMakeTmp/testCCompiler.c
Linking C static library libcmTC_054e0.a
/usr/bin/cmake -P CMakeFiles/cmTC_054e0.dir/cmake_clean_target.cmake
/usr/bin/cmake -E cmake_link_script CMakeFiles/cmTC_054e0.dir/link.txt --verbose=1
/usr/bin/arm-none-eabi-ar qc libcmTC_054e0.a  CMakeFiles/cmTC_054e0.dir/testCCompiler.c.obj
/usr/bin/arm-none-eabi-ranlib libcmTC_054e0.a
make[1]: Leaving directory '/home/neilogd/Dev/schematics/4op_drum_module/firmware/build/STM32F103C6T8/CMakeFiles/CMakeTmp'


Detecting C compiler ABI info compiled with the following output:
Change Dir: /home/neilogd/Dev/schematics/4op_drum_module/firmware/build/STM32F103C6T8/CMakeFiles/CMakeTmp

Run Build Command:"/usr/bin/make" "cmTC_f8da4/fast"
/usr/bin/make -f CMakeFiles/cmTC_f8da4.dir/build.make CMakeFiles/cmTC_f8da4.dir/build
make[1]: Entering directory '/home/neilogd/Dev/schematics/4op_drum_module/firmware/build/STM32F103C6T8/CMakeFiles/CMakeTmp'
Building C object CMakeFiles/cmTC_f8da4.dir/CMakeCCompilerABI.c.obj
/usr/bin/arm-none-eabi-gcc   -ffreestanding -fno-non-call-exceptions -ffreestanding -fno-non-call-exceptions    -o CMakeFiles/cmTC_f8da4.dir/CMakeCCompilerABI.c.obj   -c /usr/share/cmake-3.13/Modules/CMakeCCompilerABI.c
Linking C static library libcmTC_f8da4.a
/usr/bin/cmake -P CMakeFiles/cmTC_f8da4.dir/cmake_clean_target.cmake
/usr/bin/cmake -E cmake_link_script CMakeFiles/cmTC_f8da4.dir/link.txt --verbose=1
/usr/bin/arm-none-eabi-ar qc libcmTC_f8da4.a  CMakeFiles/cmTC_f8da4.dir/CMakeCCompilerABI.c.obj
/usr/bin/arm-none-eabi-ranlib libcmTC_f8da4.a
make[1]: Leaving directory '/home/neilogd/Dev/schematics/4op_drum_module/firmware/build/STM32F103C6T8/CMakeFiles/CMakeTmp'


Parsed C implicit link information from above output:
  link line regex: [^( *|.*[/\])(arm-none-eabi-ld|CMAKE_LINK_STARTFILE-NOTFOUND|([^/\]+-)?ld|collect2)[^/\]*( |$)]
  ignore line: [Change Dir: /home/neilogd/Dev/schematics/4op_drum_module/firmware/build/STM32F103C6T8/CMakeFiles/CMakeTmp]
  ignore line: []
  ignore line: [Run Build Command:"/usr/bin/make" "cmTC_f8da4/fast"]
  ignore line: [/usr/bin/make -f CMakeFiles/cmTC_f8da4.dir/build.make CMakeFiles/cmTC_f8da4.dir/build]
  ignore line: [make[1]: Entering directory '/home/neilogd/Dev/schematics/4op_drum_module/firmware/build/STM32F103C6T8/CMakeFiles/CMakeTmp']
  ignore line: [Building C object CMakeFiles/cmTC_f8da4.dir/CMakeCCompilerABI.c.obj]
  ignore line: [/usr/bin/arm-none-eabi-gcc   -ffreestanding -fno-non-call-exceptions -ffreestanding -fno-non-call-exceptions    -o CMakeFiles/cmTC_f8da4.dir/CMakeCCompilerABI.c.obj   -c /usr/share/cmake-3.13/Modules/CMakeCCompilerABI.c]
  ignore line: [Linking C static library libcmTC_f8da4.a]
  ignore line: [/usr/bin/cmake -P CMakeFiles/cmTC_f8da4.dir/cmake_clean_target.cmake]
  ignore line: [/usr/bin/cmake -E cmake_link_script CMakeFiles/cmTC_f8da4.dir/link.txt --verbose=1]
  ignore line: [/usr/bin/arm-none-eabi-ar qc libcmTC_f8da4.a  CMakeFiles/cmTC_f8da4.dir/CMakeCCompilerABI.c.obj]
  ignore line: [/usr/bin/arm-none-eabi-ranlib libcmTC_f8da4.a]
  ignore line: [make[1]: Leaving directory '/home/neilogd/Dev/schematics/4op_drum_module/firmware/build/STM32F103C6T8/CMakeFiles/CMakeTmp']
  ignore line: []
  implicit libs: []
  implicit dirs: []
  implicit fwks: []




Detecting C [-std=c11] compiler features compiled with the following output:
Change Dir: /home/neilogd/Dev/schematics/4op_drum_module/firmware/build/STM32F103C6T8/CMakeFiles/CMakeTmp

Run Build Command:"/usr/bin/make" "cmTC_a3d81/fast"
/usr/bin/make -f CMakeFiles/cmTC_a3d81.dir/build.make CMakeFiles/cmTC_a3d81.dir/build
make[1]: Entering directory '/home/neilogd/Dev/schematics/4op_drum_module/firmware/build/STM32F103C6T8/CMakeFiles/CMakeTmp'
Building C object CMakeFiles/cmTC_a3d81.dir/feature_tests.c.obj
/usr/bin/arm-none-eabi-gcc   -ffreestanding -fno-non-call-exceptions -ffreestanding -fno-non-call-exceptions    -std=c11 -o CMakeFiles/cmTC_a3d81.dir/feature_tests.c.obj   -c /home/neilogd/Dev/schematics/4op_drum_module/firmware/build/STM32F103C6T8/CMakeFiles/feature_tests.c
Linking C static library libcmTC_a3d81.a
/usr/bin/cmake -P CMakeFiles/cmTC_a3d81.dir/cmake_clean_target.cmake
/usr/bin/cmake -E cmake_link_script CMakeFiles/cmTC_a3d81.dir/link.txt --verbose=1
/usr/bin/arm-none-eabi-ar qc libcmTC_a3d81.a  CMakeFiles/cmTC_a3d81.dir/feature_tests.c.obj
/usr/bin/arm-none-eabi-ranlib libcmTC_a3d81.a
make[1]: Leaving directory '/home/neilogd/Dev/schematics/4op_drum_module/firmware/build/STM32F103C6T8/CMakeFiles/CMakeTmp'


    Feature record: C_FEATURE:1c_function_prototypes
    Feature record: C_FEATURE:1c_restrict
    Feature record: C_FEATURE:1c_static_assert
    Feature record: C_FEATURE:1c_variadic_macros


Detecting C [-std=c99] compiler features compiled with the following output:
Change Dir: /home/neilogd/Dev/schematics/4op_drum_module/firmware/build/STM32F103C6T8/CMakeFiles/CMakeTmp

Run Build Command:"/usr/bin/make" "cmTC_ee954/fast"
/usr/bin/make -f CMakeFiles/cmTC_ee954.dir/build.make CMakeFiles/cmTC_ee954.dir/build
make[1]: Entering directory '/home/neilogd/Dev/schematics/4op_drum_module/firmware/build/STM32F103C6T8/CMakeFiles/CMakeTmp'
Building C object CMakeFiles/cmTC_ee954.dir/feature_tests.c.obj
/usr/bin/arm-none-eabi-gcc   -ffreestanding -fno-non-call-exceptions -ffreestanding -fno-non-call-exceptions    -std=c99 -o CMakeFiles/cmTC_ee954.dir/feature_tests.c.obj   -c /home/neilogd/Dev/schematics/4op_drum_module/firmware/build/STM32F103C6T8/CMakeFiles/feature_tests.c
Linking C static library libcmTC_ee954.a
/usr/bin/cmake -P CMakeFiles/cmTC_ee954.dir/cmake_clean_target.cmake
/usr/bin/cmake -E cmake_link_script CMakeFiles/cmTC_ee954.dir/link.txt --verbose=1
/usr/bin/arm-none-eabi-ar qc libcmTC_ee954.a  CMakeFiles/cmTC_ee954.dir/feature_tests.c.obj
/usr/bin/arm-none-eabi-ranlib libcmTC_ee954.a
make[1]: Leaving directory '/home/neilogd/Dev/schematics/4op_drum_module/firmware/build/STM32F103C6T8/CMakeFiles/CMakeTmp'


    Feature record: C_FEATURE:1c_function_prototypes
    Feature record: C_FEATURE:1c_restrict
    Feature record: C_FEATURE:0c_static_assert
    Feature record: C_FEATURE:1c_variadic_macros


Detecting C [-std=c90] compiler features compiled with the following output:
Change Dir: /home/neilogd/Dev/schematics/4op_drum_module/firmware/build/STM32F103C6T8/CMakeFiles/CMakeTmp

Run Build Command:"/usr/bin/make" "cmTC_08822/fast"
/usr/bin/make -f CMakeFiles/cmTC_08822.dir/build.make CMakeFiles/cmTC_08822.dir/build
make[1]: Entering directory '/home/neilogd/Dev/schematics/4op_drum_module/firmware/build/STM32F103C6T8/CMakeFiles/CMakeTmp'
Building C object CMakeFiles/cmTC_08822.dir/feature_tests.c.obj
/usr/bin/arm-none-eabi-gcc   -ffreestanding -fno-non-call-exceptions -ffreestanding -fno-non-call-exceptions    -std=c90 -o CMakeFiles/cmTC_08822.dir/feature_tests.c.obj   -c /home/neilogd/Dev/schematics/4op_drum_module/firmware/build/STM32F103C6T8/CMakeFiles/feature_tests.c
Linking C static library libcmTC_08822.a
/usr/bin/cmake -P CMakeFiles/cmTC_08822.dir/cmake_clean_target.cmake
/usr/bin/cmake -E cmake_link_script CMakeFiles/cmTC_08822.dir/link.txt --verbose=1
/usr/bin/arm-none-eabi-ar qc libcmTC_08822.a  CMakeFiles/cmTC_08822.dir/feature_tests.c.obj
/usr/bin/arm-none-eabi-ranlib libcmTC_08822.a
make[1]: Leaving directory '/home/neilogd/Dev/schematics/4op_drum_module/firmware/build/STM32F103C6T8/CMakeFiles/CMakeTmp'


    Feature record: C_FEATURE:1c_function_prototypes
    Feature record: C_FEATURE:0c_restrict
    Feature record: C_FEATURE:0c_static_assert
    Feature record: C_FEATURE:0c_variadic_macros
Determining if the CXX compiler works passed with the following output:
Change Dir: /home/neilogd/Dev/schematics/4op_drum_module/firmware/build/STM32F103C6T8/CMakeFiles/CMakeTmp

Run Build Command:"/usr/bin/make" "cmTC_47e32/fast"
/usr/bin/make -f CMakeFiles/cmTC_47e32.dir/build.make CMakeFiles/cmTC_47e32.dir/build
make[1]: Entering directory '/home/neilogd/Dev/schematics/4op_drum_module/firmware/build/STM32F103C6T8/CMakeFiles/CMakeTmp'
Building CXX object CMakeFiles/cmTC_47e32.dir/testCXXCompiler.cxx.obj
/usr/bin/arm-none-eabi-g++    -ffreestanding -fno-non-call-exceptions -fno-use-cxa-atexit -fno-threadsafe-statics -ffreestanding -fno-non-call-exceptions -fno-use-cxa-atexit -fno-threadsafe-statics    -o CMakeFiles/cmTC_47e32.dir/testCXXCompiler.cxx.obj -c /home/neilogd/Dev/schematics/4op_drum_module/firmware/build/STM32F103C6T8/CMakeFiles/CMakeTmp/testCXXCompiler.cxx
Linking CXX static library libcmTC_47e32.a
/usr/bin/cmake -P CMakeFiles/cmTC_47e32.dir/cmake_clean_target.cmake
/usr/bin/cmake -E cmake_link_script CMakeFiles/cmTC_47e32.dir/link.txt --verbose=1
/usr/bin/arm-none-eabi-ar qc libcmTC_47e32.a  CMakeFiles/cmTC_47e32.dir/testCXXCompiler.cxx.obj
/usr/bin/arm-none-eabi-ranlib libcmTC_47e32.a
make[1]: Leaving directory '/home/neilogd/Dev/schematics/4op_drum_module/firmware/build/STM32F103C6T8/CMakeFiles/CMakeTmp'


Detecting CXX compiler ABI info compiled with the following output:
Change Dir: /home/neilogd/Dev/schematics/4op_drum_module/firmware/build/STM32F103C6T8/CMakeFiles/CMakeTmp

Run Build Command:"/usr/bin/make" "cmTC_09e91/fast"
/usr/bin/make -f CMakeFiles/cmTC_09e91.dir/build.make CMakeFiles/cmTC_09e91.dir/build
make[1]: Entering directory '/home/neilogd/Dev/schematics/4op_drum_module/firmware/build/STM32F103C6T8/CMakeFiles/CMakeTmp'
Building CXX object CMakeFiles/cmTC_09e91.dir/CMakeCXXCompilerABI.cpp.obj
/usr/bin/arm-none-eabi-g++    -ffreestanding -fno-non-call-exceptions -fno-use-cxa-atexit -fno-threadsafe-statics -ffreestanding -fno-non-call-exceptions -fno-use-cxa-atexit -fno-threadsafe-statics    -o CMakeFiles/cmTC_09e91.dir/CMakeCXXCompilerABI.cpp.obj -c /usr/share/cmake-3.13/Modules/CMakeCXXCompilerABI.cpp
Linking CXX static library libcmTC_09e91.a
/usr/bin/cmake -P CMakeFiles/cmTC_09e91.dir/cmake_clean_target.cmake
/usr/bin/cmake -E cmake_link_script CMakeFiles/cmTC_09e91.dir/link.txt --verbose=1
/usr/bin/arm-none-eabi-ar qc libcmTC_09e91.a  CMakeFiles/cmTC_09e91.dir/CMakeCXXCompilerABI.cpp.obj
/usr/bin/arm-none-eabi-ranlib libcmTC_09e91.a
make[1]: Leaving directory '/home/neilogd/Dev/schematics/4op_drum_module/firmware/build/STM32F103C6T8/CMakeFiles/CMakeTmp'


Parsed CXX implicit link information from above output:
  link line regex: [^( *|.*[/\])(arm-none-eabi-ld|CMAKE_LINK_STARTFILE-NOTFOUND|([^/\]+-)?ld|collect2)[^/\]*( |$)]
  ignore line: [Change Dir: /home/neilogd/Dev/schematics/4op_drum_module/firmware/build/STM32F103C6T8/CMakeFiles/CMakeTmp]
  ignore line: []
  ignore line: [Run Build Command:"/usr/bin/make" "cmTC_09e91/fast"]
  ignore line: [/usr/bin/make -f CMakeFiles/cmTC_09e91.dir/build.make CMakeFiles/cmTC_09e91.dir/build]
  ignore line: [make[1]: Entering directory '/home/neilogd/Dev/schematics/4op_drum_module/firmware/build/STM32F103C6T8/CMakeFiles/CMakeTmp']
  ignore line: [Building CXX object CMakeFiles/cmTC_09e91.dir/CMakeCXXCompilerABI.cpp.obj]
  ignore line: [/usr/bin/arm-none-eabi-g++    -ffreestanding -fno-non-call-exceptions -fno-use-cxa-atexit -fno-threadsafe-statics -ffreestanding -fno-non-call-exceptions -fno-use-cxa-atexit -fno-threadsafe-statics    -o CMakeFiles/cmTC_09e91.dir/CMakeCXXCompilerABI.cpp.obj -c /usr/share/cmake-3.13/Modules/CMakeCXXCompilerABI.cpp]
  ignore line: [Linking CXX static library libcmTC_09e91.a]
  ignore line: [/usr/bin/cmake -P CMakeFiles/cmTC_09e91.dir/cmake_clean_target.cmake]
  ignore line: [/usr/bin/cmake -E cmake_link_script CMakeFiles/cmTC_09e91.dir/link.txt --verbose=1]
  ignore line: [/usr/bin/arm-none-eabi-ar qc libcmTC_09e91.a  CMakeFiles/cmTC_09e91.dir/CMakeCXXCompilerABI.cpp.obj]
  ignore line: [/usr/bin/arm-none-eabi-ranlib libcmTC_09e91.a]
  ignore line: [make[1]: Leaving directory '/home/neilogd/Dev/schematics/4op_drum_module/firmware/build/STM32F103C6T8/CMakeFiles/CMakeTmp']
  ignore line: []
  implicit libs: []
  implicit dirs: []
  implicit fwks: []




Detecting CXX [-std=c++1z] compiler features compiled with the following output:
Change Dir: /home/neilogd/Dev/schematics/4op_drum_module/firmware/build/STM32F103C6T8/CMakeFiles/CMakeTmp

Run Build Command:"/usr/bin/make" "cmTC_ac233/fast"
/usr/bin/make -f CMakeFiles/cmTC_ac233.dir/build.make CMakeFiles/cmTC_ac233.dir/build
make[1]: Entering directory '/home/neilogd/Dev/schematics/4op_drum_module/firmware/build/STM32F103C6T8/CMakeFiles/CMakeTmp'
Building CXX object CMakeFiles/cmTC_ac233.dir/feature_tests.cxx.obj
/usr/bin/arm-none-eabi-g++    -ffreestanding -fno-non-call-exceptions -fno-use-cxa-atexit -fno-threadsafe-statics -ffreestanding -fno-non-call-exceptions -fno-use-cxa-atexit -fno-threadsafe-statics    -std=c++1z -o CMakeFiles/cmTC_ac233.dir/feature_tests.cxx.obj -c /home/neilogd/Dev/schematics/4op_drum_module/firmware/build/STM32F103C6T8/CMakeFiles/feature_tests.cxx
Linking CXX static library libcmTC_ac233.a
/usr/bin/cmake -P CMakeFiles/cmTC_ac233.dir/cmake_clean_target.cmake
/usr/bin/cmake -E cmake_link_script CMakeFiles/cmTC_ac233.dir/link.txt --verbose=1
/usr/bin/arm-none-eabi-ar qc libcmTC_ac233.a  CMakeFiles/cmTC_ac233.dir/feature_tests.cxx.obj
/usr/bin/arm-none-eabi-ranlib libcmTC_ac233.a
make[1]: Leaving directory '/home/neilogd/Dev/schematics/4op_drum_module/firmware/build/STM32F103C6T8/CMakeFiles/CMakeTmp'


    Feature record: CXX_FEATURE:1cxx_aggregate_default_initializers
    Feature record: CXX_FEATURE:1cxx_alias_templates
    Feature record: CXX_FEATURE:1cxx_alignas
    Feature record: CXX_FEATURE:1cxx_alignof
    Feature record: CXX_FEATURE:1cxx_attributes
    Feature record: CXX_FEATURE:1cxx_attribute_deprecated
    Feature record: CXX_FEATURE:1cxx_auto_type
    Feature record: CXX_FEATURE:1cxx_binary_literals
    Feature record: CXX_FEATURE:1cxx_constexpr
    Feature record: CXX_FEATURE:1cxx_contextual_conversions
    Feature record: CXX_FEATURE:1cxx_decltype
    Feature record: CXX_FEATURE:1cxx_decltype_auto
    Feature record: CXX_FEATURE:1cxx_decltype_incomplete_return_types
    Feature record: CXX_FEATURE:1cxx_default_function_template_args
    Feature record: CXX_FEATURE:1cxx_defaulted_functions
    Feature record: CXX_FEATURE:1cxx_defaulted_move_initializers
    Feature record: CXX_FEATURE:1cxx_delegating_constructors
    Feature record: CXX_FEATURE:1cxx_deleted_functions
    Feature record: CXX_FEATURE:1cxx_digit_separators
    Feature record: CXX_FEATURE:1cxx_enum_forward_declarations
    Feature record: CXX_FEATURE:1cxx_explicit_conversions
    Feature record: CXX_FEATURE:1cxx_extended_friend_declarations
    Feature record: CXX_FEATURE:1cxx_extern_templates
    Feature record: CXX_FEATURE:1cxx_final
    Feature record: CXX_FEATURE:1cxx_func_identifier
    Feature record: CXX_FEATURE:1cxx_generalized_initializers
    Feature record: CXX_FEATURE:1cxx_generic_lambdas
    Feature record: CXX_FEATURE:1cxx_inheriting_constructors
    Feature record: CXX_FEATURE:1cxx_inline_namespaces
    Feature record: CXX_FEATURE:1cxx_lambdas
    Feature record: CXX_FEATURE:1cxx_lambda_init_captures
    Feature record: CXX_FEATURE:1cxx_local_type_template_args
    Feature record: CXX_FEATURE:1cxx_long_long_type
    Feature record: CXX_FEATURE:1cxx_noexcept
    Feature record: CXX_FEATURE:1cxx_nonstatic_member_init
    Feature record: CXX_FEATURE:1cxx_nullptr
    Feature record: CXX_FEATURE:1cxx_override
    Feature record: CXX_FEATURE:1cxx_range_for
    Feature record: CXX_FEATURE:1cxx_raw_string_literals
    Feature record: CXX_FEATURE:1cxx_reference_qualified_functions
    Feature record: CXX_FEATURE:1cxx_relaxed_constexpr
    Feature record: CXX_FEATURE:1cxx_return_type_deduction
    Feature record: CXX_FEATURE:1cxx_right_angle_brackets
    Feature record: CXX_FEATURE:1cxx_rvalue_references
    Feature record: CXX_FEATURE:1cxx_sizeof_member
    Feature record: CXX_FEATURE:1cxx_static_assert
    Feature record: CXX_FEATURE:1cxx_strong_enums
    Feature record: CXX_FEATURE:1cxx_template_template_parameters
    Feature record: CXX_FEATURE:1cxx_thread_local
    Feature record: CXX_FEATURE:1cxx_trailing_return_types
    Feature record: CXX_FEATURE:1cxx_unicode_literals
    Feature record: CXX_FEATURE:1cxx_uniform_initialization
    Feature record: CXX_FEATURE:1cxx_unrestricted_unions
    Feature record: CXX_FEATURE:1cxx_user_literals
    Feature record: CXX_FEATURE:1cxx_variable_templates
    Feature record: CXX_FEATURE:1cxx_variadic_macros
    Feature record: CXX_FEATURE:1cxx_variadic_templates


Detecting CXX [-std=c++14] compiler features compiled with the following output:
Change Dir: /home/neilogd/Dev/schematics/4op_drum_module/firmware/build/STM32F103C6T8/CMakeFiles/CMakeTmp

Run Build Command:"/usr/bin/make" "cmTC_672bc/fast"
/usr/bin/make -f CMakeFiles/cmTC_672bc.dir/build.make CMakeFiles/cmTC_672bc.dir/build
make[1]: Entering directory '/home/neilogd/Dev/schematics/4op_drum_module/firmware/build/STM32F103C6T8/CMakeFiles/CMakeTmp'
Building CXX object CMakeFiles/cmTC_672bc.dir/feature_tests.cxx.obj
/usr/bin/arm-none-eabi-g++    -ffreestanding -fno-non-call-exceptions -fno-use-cxa-atexit -fno-threadsafe-statics -ffreestanding -fno-non-call-exceptions -fno-use-cxa-atexit -fno-threadsafe-statics    -std=c++14 -o CMakeFiles/cmTC_672bc.dir/feature_tests.cxx.obj -c /home/neilogd/Dev/schematics/4op_drum_module/firmware/build/STM32F103C6T8/CMakeFiles/feature_tests.cxx
Linking CXX static library libcmTC_672bc.a
/usr/bin/cmake -P CMakeFiles/cmTC_672bc.dir/cmake_clean_target.cmake
/usr/bin/cmake -E cmake_link_script CMakeFiles/cmTC_672bc.dir/link.txt --verbose=1
/usr/bin/arm-none-eabi-ar qc libcmTC_672bc.a  CMakeFiles/cmTC_672bc.dir/feature_tests.cxx.obj
/usr/bin/arm-none-eabi-ranlib libcmTC_672bc.a
make[1]: Leaving directory '/home/neilogd/Dev/schematics/4op_drum_module/firmware/build/STM32F103C6T8/CMakeFiles/CMakeTmp'


    Feature record: CXX_FEATURE:1cxx_aggregate_default_initializers
    Feature record: CXX_FEATURE:1cxx_alias_templates
    Feature record: CXX_FEATURE:1cxx_alignas
    Feature record: CXX_FEATURE:1cxx_alignof
    Feature record: CXX_FEATURE:1cxx_attributes
    Feature record: CXX_FEATURE:1cxx_attribute_deprecated
    Feature record: CXX_FEATURE:1cxx_auto_type
    Feature record: CXX_FEATURE:1cxx_binary_literals
    Feature record: CXX_FEATURE:1cxx_constexpr
    Feature record: CXX_FEATURE:1cxx_contextual_conversions
    Feature record: CXX_FEATURE:1cxx_decltype
    Feature record: CXX_FEATURE:1cxx_decltype_auto
    Feature record: CXX_FEATURE:1cxx_decltype_incomplete_return_types
    Feature record: CXX_FEATURE:1cxx_default_function_template_args
    Feature record: CXX_FEATURE:1cxx_defaulted_functions
    Feature record: CXX_FEATURE:1cxx_defaulted_move_initializers
    Feature record: CXX_FEATURE:1cxx_delegating_constructors
    Feature record: CXX_FEATURE:1cxx_deleted_functions
    Feature record: CXX_FEATURE:1cxx_digit_separators
    Feature record: CXX_FEATURE:1cxx_enum_forward_declarations
    Feature record: CXX_FEATURE:1cxx_explicit_conversions
    Feature record: CXX_FEATURE:1cxx_extended_friend_declarations
    Feature record: CXX_FEATURE:1cxx_extern_templates
    Feature record: CXX_FEATURE:1cxx_final
    Feature record: CXX_FEATURE:1cxx_func_identifier
    Feature record: CXX_FEATURE:1cxx_generalized_initializers
    Feature record: CXX_FEATURE:1cxx_generic_lambdas
    Feature record: CXX_FEATURE:1cxx_inheriting_constructors
    Feature record: CXX_FEATURE:1cxx_inline_namespaces
    Feature record: CXX_FEATURE:1cxx_lambdas
    Feature record: CXX_FEATURE:1cxx_lambda_init_captures
    Feature record: CXX_FEATURE:1cxx_local_type_template_args
    Feature record: CXX_FEATURE:1cxx_long_long_type
    Feature record: CXX_FEATURE:1cxx_noexcept
    Feature record: CXX_FEATURE:1cxx_nonstatic_member_init
    Feature record: CXX_FEATURE:1cxx_nullptr
    Feature record: CXX_FEATURE:1cxx_override
    Feature record: CXX_FEATURE:1cxx_range_for
    Feature record: CXX_FEATURE:1cxx_raw_string_literals
    Feature record: CXX_FEATURE:1cxx_reference_qualified_functions
    Feature record: CXX_FEATURE:1cxx_relaxed_constexpr
    Feature record: CXX_FEATURE:1cxx_return_type_deduction
    Feature record: CXX_FEATURE:1cxx_right_angle_brackets
    Feature record: CXX_FEATURE:1cxx_rvalue_references
    Feature record: CXX_FEATURE:1cxx_sizeof_member
    Feature record: CXX_FEATURE:1cxx_static_assert
    Feature record: CXX_FEATURE:1cxx_strong_enums
    Feature record: CXX_FEATURE:1cxx_template_template_parameters
    Feature record: CXX_FEATURE:1cxx_thread_local
    Feature record: CXX_FEATURE:1cxx_trailing_return_types
    Feature record: CXX_FEATURE:1cxx_unicode_literals
    Feature record: CXX_FEATURE:1cxx_uniform_initialization
    Feature record: CXX_FEATURE:1cxx_unrestricted_unions
    Feature record: CXX_FEATURE:1cxx_user_literals
    Feature record: CXX_FEATURE:1cxx_variable_templates
    Feature record: CXX_FEATURE:1cxx_variadic_macros
    Feature record: CXX_FEATURE:1cxx_variadic_templates


Detecting CXX [-std=c++11] compiler features compiled with the following output:
Change Dir: /home/neilogd/Dev/schematics/4op_drum_module/firmware/build/STM32F103C6T8/CMakeFiles/CMakeTmp

Run Build Command:"/usr/bin/make" "cmTC_c774a/fast"
/usr/bin/make -f CMakeFiles/cmTC_c774a.dir/build.make CMakeFiles/cmTC_c774a.dir/build
make[1]: Entering directory '/home/neilogd/Dev/schematics/4op_drum_module/firmware/build/STM32F103C6T8/CMakeFiles/CMakeTmp'
Building CXX object CMakeFiles/cmTC_c774a.dir/feature_tests.cxx.obj
/usr/bin/arm-none-eabi-g++    -ffreestanding -fno-non-call-exceptions -fno-use-cxa-atexit -fno-threadsafe-statics -ffreestanding -fno-non-call-exceptions -fno-use-cxa-atexit -fno-threadsafe-statics    -std=c++11 -o CMakeFiles/cmTC_c774a.dir/feature_tests.cxx.obj -c /home/neilogd/Dev/schematics/4op_drum_module/firmware/build/STM32F103C6T8/CMakeFiles/feature_tests.cxx
Linking CXX static library libcmTC_c774a.a
/usr/bin/cmake -P CMakeFiles/cmTC_c774a.dir/cmake_clean_target.cmake
/usr/bin/cmake -E cmake_link_script CMakeFiles/cmTC_c774a.dir/link.txt --verbose=1
/usr/bin/arm-none-eabi-ar qc libcmTC_c774a.a  CMakeFiles/cmTC_c774a.dir/feature_tests.cxx.obj
/usr/bin/arm-none-eabi-ranlib libcmTC_c774a.a
make[1]: Leaving directory '/home/neilogd/Dev/schematics/4op_drum_module/firmware/build/STM32F103C6T8/CMakeFiles/CMakeTmp'


    Feature record: CXX_FEATURE:0cxx_aggregate_default_initializers
    Feature record: CXX_FEATURE:1cxx_alias_templates
    Feature record: CXX_FEATURE:1cxx_alignas
    Feature record: CXX_FEATURE:1cxx_alignof
    Feature record: CXX_FEATURE:1cxx_attributes
    Feature record: CXX_FEATURE:0cxx_attribute_deprecated
    Feature record: CXX_FEATURE:1cxx_auto_type
    Feature record: CXX_FEATURE:0cxx_binary_literals
    Feature record: CXX_FEATURE:1cxx_constexpr
    Feature record: CXX_FEATURE:0cxx_contextual_conversions
    Feature record: CXX_FEATURE:1cxx_decltype
    Feature record: CXX_FEATURE:0cxx_decltype_auto
    Feature record: CXX_FEATURE:1cxx_decltype_incomplete_return_types
    Feature record: CXX_FEATURE:1cxx_default_function_template_args
    Feature record: CXX_FEATURE:1cxx_defaulted_functions
    Feature record: CXX_FEATURE:1cxx_defaulted_move_initializers
    Feature record: CXX_FEATURE:1cxx_delegating_constructors
    Feature record: CXX_FEATURE:1cxx_deleted_functions
    Feature record: CXX_FEATURE:0cxx_digit_separators
    Feature record: CXX_FEATURE:1cxx_enum_forward_declarations
    Feature record: CXX_FEATURE:1cxx_explicit_conversions
    Feature record: CXX_FEATURE:1cxx_extended_friend_declarations
    Feature record: CXX_FEATURE:1cxx_extern_templates
    Feature record: CXX_FEATURE:1cxx_final
    Feature record: CXX_FEATURE:1cxx_func_identifier
    Feature record: CXX_FEATURE:1cxx_generalized_initializers
    Feature record: CXX_FEATURE:0cxx_generic_lambdas
    Feature record: CXX_FEATURE:1cxx_inheriting_constructors
    Feature record: CXX_FEATURE:1cxx_inline_namespaces
    Feature record: CXX_FEATURE:1cxx_lambdas
    Feature record: CXX_FEATURE:0cxx_lambda_init_captures
    Feature record: CXX_FEATURE:1cxx_local_type_template_args
    Feature record: CXX_FEATURE:1cxx_long_long_type
    Feature record: CXX_FEATURE:1cxx_noexcept
    Feature record: CXX_FEATURE:1cxx_nonstatic_member_init
    Feature record: CXX_FEATURE:1cxx_nullptr
    Feature record: CXX_FEATURE:1cxx_override
    Feature record: CXX_FEATURE:1cxx_range_for
    Feature record: CXX_FEATURE:1cxx_raw_string_literals
    Feature record: CXX_FEATURE:1cxx_reference_qualified_functions
    Feature record: CXX_FEATURE:0cxx_relaxed_constexpr
    Feature record: CXX_FEATURE:0cxx_return_type_deduction
    Feature record: CXX_FEATURE:1cxx_right_angle_brackets
    Feature record: CXX_FEATURE:1cxx_rvalue_references
    Feature record: CXX_FEATURE:1cxx_sizeof_member
    Feature record: CXX_FEATURE:1cxx_static_assert
    Feature record: CXX_FEATURE:1cxx_strong_enums
    Feature record: CXX_FEATURE:1cxx_template_template_parameters
    Feature record: CXX_FEATURE:1cxx_thread_local
    Feature record: CXX_FEATURE:1cxx_trailing_return_types
    Feature record: CXX_FEATURE:1cxx_unicode_literals
    Feature record: CXX_FEATURE:1cxx_uniform_initialization
    Feature record: CXX_FEATURE:1cxx_unrestricted_unions
    Feature record: CXX_FEATURE:1cxx_user_literals
    Feature record: CXX_FEATURE:0cxx_variable_templates
    Feature record: CXX_FEATURE:1cxx_variadic_macros
    Feature record: CXX_FEATURE:1cxx_variadic_templates


Detecting CXX [-std=c++98] compiler features compiled with the following output:
Change Dir: /home/neilogd/Dev/schematics/4op_drum_module/firmware/build/STM32F103C6T8/CMakeFiles/CMakeTmp

Run Build Command:"/usr/bin/make" "cmTC_1bd8b/fast"
/usr/bin/make -f CMakeFiles/cmTC_1bd8b.dir/build.make CMakeFiles/cmTC_1bd8b.dir/build
make[1]: Entering directory '/home/neilogd/Dev/schematics/4op_drum_module/firmware/build/STM32F103C6T8/CMakeFiles/CMakeTmp'
Building CXX object CMakeFiles/cmTC_1bd8b.dir/feature_tests.cxx.obj
/usr/bin/arm-none-eabi-g++    -ffreestanding -fno-non-call-exceptions -fno-use-cxa-atexit -fno-threadsafe-statics -ffreestanding -fno-non-call-exceptions -fno-use-cxa-atexit -fno-threadsafe-statics    -std=c++98 -o CMakeFiles/cmTC_1bd8b.dir/feature_tests.cxx.obj -c /home/neilogd/Dev/schematics/4op_drum_module/firmware/build/STM32F103C6T8/CMakeFiles/feature_tests.cxx
Linking CXX static library libcmTC_1bd8b.a
/usr/bin/cmake -P CMakeFiles/cmTC_1bd8b.dir/cmake_clean_target.cmake
/usr/bin/cmake -E cmake_link_script CMakeFiles/cmTC_1bd8b.dir/link.txt --verbose=1
/usr/bin/arm-none-eabi-ar qc libcmTC_1bd8b.a  CMakeFiles/cmTC_1bd8b.dir/feature_tests.cxx.obj
/usr/bin/arm-none-eabi-ranlib libcmTC_1bd8b.a
make[1]: Leaving directory '/home/neilogd/Dev/schematics/4op_drum_module/firmware/build/STM32F103C6T8/CMakeFiles/CMakeTmp'


    Feature record: CXX_FEATURE:0cxx_aggregate_default_initializers
    Feature record: CXX_FEATURE:0cxx_alias_templates
    Feature record: CXX_FEATURE:0cxx_alignas
    Feature record: CXX_FEATURE:0cxx_alignof
    Feature record: CXX_FEATURE:0cxx_attributes
    Feature record: CXX_FEATURE:0cxx_attribute_deprecated
    Feature record: CXX_FEATURE:0cxx_auto_type
    Feature record: CXX_FEATURE:0cxx_binary_literals
    Feature record: CXX_FEATURE:0cxx_constexpr
    Feature record: CXX_FEATURE:0cxx_contextual_conversions
    Feature record: CXX_FEATURE:0cxx_decltype
    Feature record: CXX_FEATURE:0cxx_decltype_auto
    Feature record: CXX_FEATURE:0cxx_decltype_incomplete_return_types
    Feature record: CXX_FEATURE:0cxx_default_function_template_args
    Feature record: CXX_FEATURE:0cxx_defaulted_functions
    Feature record: CXX_FEATURE:0cxx_defaulted_move_initializers
    Feature record: CXX_FEATURE:0cxx_delegating_constructors
    Feature record: CXX_FEATURE:0cxx_deleted_functions
    Feature record: CXX_FEATURE:0cxx_digit_separators
    Feature record: CXX_FEATURE:0cxx_enum_forward_declarations
    Feature record: CXX_FEATURE:0cxx_explicit_conversions
    Feature record: CXX_FEATURE:0cxx_extended_friend_declarations
    Feature record: CXX_FEATURE:0cxx_extern_templates
    Feature record: CXX_FEATURE:0cxx_final
    Feature record: CXX_FEATURE:0cxx_func_identifier
    Feature record: CXX_FEATURE:0cxx_generalized_initializers
    Feature record: CXX_FEATURE:0cxx_generic_lambdas
    Feature record: CXX_FEATURE:0cxx_inheriting_constructors
    Feature record: CXX_FEATURE:0cxx_inline_namespaces
    Feature record: CXX_FEATURE:0cxx_lambdas
    Feature record: CXX_FEATURE:0cxx_lambda_init_captures
    Feature record: CXX_FEATURE:0cxx_local_type_template_args
    Feature record: CXX_FEATURE:0cxx_long_long_type
    Feature record: CXX_FEATURE:0cxx_noexcept
    Feature record: CXX_FEATURE:0cxx_nonstatic_member_init
    Feature record: CXX_FEATURE:0cxx_nullptr
    Feature record: CXX_FEATURE:0cxx_override
    Feature record: CXX_FEATURE:0cxx_range_for
    Feature record: CXX_FEATURE:0cxx_raw_string_literals
    Feature record: CXX_FEATURE:0cxx_reference_qualified_functions
    Feature record: CXX_FEATURE:0cxx_relaxed_constexpr
    Feature record: CXX_FEATURE:0cxx_return_type_deduction
    Feature record: CXX_FEATURE:0cxx_right_angle_brackets
    Feature record: CXX_FEATURE:0cxx_rvalue_references
    Feature record: CXX_FEATURE:0cxx_sizeof_member
    Feature record: CXX_FEATURE:0cxx_static_assert
    Feature record: CXX_FEATURE:0cxx_strong_enums
    Feature record: CXX_FEATURE:1cxx_template_template_parameters
    Feature record: CXX_FEATURE:0cxx_thread_local
    Feature record: CXX_FEATURE:0cxx_trailing_return_types
    Feature record: CXX_FEATURE:0cxx_unicode_literals
    Feature record: CXX_FEATURE:0cxx_uniform_initialization
    Feature record: CXX_FEATURE:0cxx_unrestricted_unions
    Feature record: CXX_FEATURE:0cxx_user_literals
    Feature record: CXX_FEATURE:0cxx_variable_templates
    Feature record: CXX_FEATURE:0cxx_variadic_macros
    Feature record: CXX_FEATURE:0cxx_variadic_templates
